android_app/app/build/intermediates/manifest_merge_blame_file/release/processReleaseMainManifest/manifest-merger-blame-release-report.txt
1<?xml version="1.0" encoding="utf-8"?>
2<manifest xmlns:android="http://schemas.android.com/apk/res/android"
3    package="com.biathlonapp"
4    android:versionCode="1"
5    android:versionName="1.0" >
6
7    <uses-sdk
8        android:minSdkVersion="26"
9        android:targetSdkVersion="34" />
10
11    <uses-permission android:name="android.permission.INTERNET" />
11-->src\main\AndroidManifest.xml:5:5-67
11-->src\main\AndroidManifest.xml:5:22-64
12    <uses-permission android:name="android.permission.ACCESS_NETWORK_STATE" />
12-->src\main\AndroidManifest.xml:6:5-79
12-->src\main\AndroidManifest.xml:6:22-76
13    <uses-permission android:name="android.permission.POST_NOTIFICATIONS" />
13-->src\main\AndroidManifest.xml:7:5-77
13-->src\main\AndroidManifest.xml:7:22-74
14    <uses-permission android:name="android.permission.WAKE_LOCK" /> <!-- Required by older versions of Google Play services to create IID tokens -->
14-->[com.google.firebase:firebase-messaging:25.0.1] AndroidManifest.xml:24:5-68
14-->[com.google.firebase:firebase-messaging:25.0.1] AndroidManifest.xml:24:22-65
15    <uses-permission android:name="com.google.android.c2dm.permission.RECEIVE" />
15-->[com.google.firebase:firebase-messaging:25.0.1] AndroidManifest.xml:26:5-82
15-->[com.google.firebase:firebase-messaging:25.0.1] AndroidManifest.xml:26:22-79
16    <uses-permission android:name="com.google.android.gms.permission.AD_ID" />
16-->[com.google.android.gms:play-services-measurement-api:22.1.2] AndroidManifest.xml:25:5-79
16-->[com.google.android.gms:play-services-measurement-api:22.1.2] AndroidManifest.xml:25:22-76
17    <uses-permission android:name="android.permission.ACCESS_ADSERVICES_ATTRIBUTION" />
17-->[com.google.android.gms:play-services-measurement-api:22.1.2] AndroidManifest.xml:26:5-88
17-->[com.google.android.gms:play-services-measurement-api:22.1.2] AndroidManifest.xml:26:22-85
18    <uses-permission android:name="android.permission.ACCESS_ADSERVICES_AD_ID" />
18-->[com.google.android.gms:play-services-measurement-api:22.1.2] AndroidManifest.xml:27:5-82
18-->[com.google.android.gms:play-services-measurement-api:22.1.2] AndroidManifest.xml:27:22-79
19    <uses-permission android:name="com.google.android.finsky.permission.BIND_GET_INSTALL_REFERRER_SERVICE" />
19-->[com.google.android.gms:play-services-measurement:22.1.2] AndroidManifest.xml:26:5-110
19-->[com.google.android.gms:play-services-measurement:22.1.2] AndroidManifest.xml:26:22-107
20
21    <permission
21-->[androidx.core:core:1.13.1] AndroidManifest.xml:22:5-24:47
22        android:name="com.biathlonapp.DYNAMIC_RECEIVER_NOT_EXPORTED_PERMISSION"
22-->[androidx.core:core:1.13.1] AndroidManifest.xml:23:9-81
23        android:protectionLevel="signature" />
23-->[androidx.core:core:1.13.1] AndroidManifest.xml:24:9-44
24
25    <uses-permission android:name="com.biathlonapp.DYNAMIC_RECEIVER_NOT_EXPORTED_PERMISSION" />
25-->[androidx.core:core:1.13.1] AndroidManifest.xml:26:5-97
25-->[androidx.core:core:1.13.1] AndroidManifest.xml:26:22-94
26
27    <application
27-->src\main\AndroidManifest.xml:9:5-98:19
28        android:allowBackup="true"
28-->src\main\AndroidManifest.xml:11:9-35
29        android:appComponentFactory="androidx.core.app.CoreComponentFactory"
29-->[androidx.core:core:1.13.1] AndroidManifest.xml:28:18-86
30        android:dataExtractionRules="@xml/data_extraction_rules"
30-->src\main\AndroidManifest.xml:12:9-65
31        android:extractNativeLibs="false"
32        android:fullBackupContent="@xml/backup_rules"
32-->src\main\AndroidManifest.xml:13:9-54
33        android:icon="@mipmap/ic_launcher"
33-->src\main\AndroidManifest.xml:14:9-43
34        android:label="@string/app_name"
34-->src\main\AndroidManifest.xml:15:9-41
35        android:networkSecurityConfig="@xml/network_security_config"
35-->src\main\AndroidManifest.xml:21:9-69
36        android:requestLegacyExternalStorage="true"
36-->src\main\AndroidManifest.xml:22:9-52
37        android:roundIcon="@mipmap/ic_launcher_round"
37-->src\main\AndroidManifest.xml:16:9-54
38        android:supportsRtl="true"
38-->src\main\AndroidManifest.xml:17:9-35
39        android:theme="@style/Theme.BiathlonApp"
39-->src\main\AndroidManifest.xml:18:9-49
40        android:usesCleartextTraffic="true" >
40-->src\main\AndroidManifest.xml:20:9-44
41        <service
41-->src\main\AndroidManifest.xml:23:9-30:19
42            android:name="com.biathlonapp.service.MyFirebaseMessagingService"
42-->src\main\AndroidManifest.xml:24:13-63
43            android:exported="false"
43-->src\main\AndroidManifest.xml:25:13-37
44            android:launchMode="singleTop" >
44-->src\main\AndroidManifest.xml:26:13-43
45            <intent-filter>
45-->src\main\AndroidManifest.xml:27:13-29:29
46                <action android:name="com.google.firebase.MESSAGING_EVENT" />
46-->src\main\AndroidManifest.xml:28:17-78
46-->src\main\AndroidManifest.xml:28:25-75
47            </intent-filter>
48        </service>
49        <!-- настройки -->
50        <activity
50-->src\main\AndroidManifest.xml:32:9-35:72
51            android:name="com.biathlonapp.ui.settings.SettingsActivity"
51-->src\main\AndroidManifest.xml:33:13-57
52            android:exported="false"
52-->src\main\AndroidManifest.xml:34:13-37
53            android:theme="@style/Theme.AppCompat.Light.NoActionBar" />
53-->src\main\AndroidManifest.xml:35:13-69
54        <!-- данные спортсмена -->
55        <activity
55-->src\main\AndroidManifest.xml:37:9-39:40
56            android:name="com.biathlonapp.ui.athlete.AthleteDetailActivity"
56-->src\main\AndroidManifest.xml:38:13-61
57            android:exported="false" />
57-->src\main\AndroidManifest.xml:39:13-37
58        <!-- авторизация -->
59        <activity
59-->src\main\AndroidManifest.xml:41:9-43:56
60            android:name="com.biathlonapp.ui.auth.LoginActivity"
60-->src\main\AndroidManifest.xml:41:19-56
61            android:exported="true"
61-->src\main\AndroidManifest.xml:42:13-36
62            android:theme="@style/Theme.BiathlonApp" />
62-->src\main\AndroidManifest.xml:43:13-53
63        <!-- регистрация -->
64        <activity
64-->src\main\AndroidManifest.xml:45:9-46:56
65            android:name="com.biathlonapp.ui.auth.RegisterActivity"
65-->src\main\AndroidManifest.xml:45:19-59
66            android:theme="@style/Theme.BiathlonApp" />
66-->src\main\AndroidManifest.xml:46:13-53
67        <!-- результаты спортсмена -->
68        <activity
68-->src\main\AndroidManifest.xml:48:9-50:40
69            android:name="com.biathlonapp.ui.stats.AthleteStatsActivity"
69-->src\main\AndroidManifest.xml:49:13-58
70            android:exported="false" />
70-->src\main\AndroidManifest.xml:50:13-37
71        <!-- новости -->
72        <activity
72-->src\main\AndroidManifest.xml:52:9-54:58
73            android:name="com.biathlonapp.ui.news.NewsDetailActivity"
73-->src\main\AndroidManifest.xml:53:13-55
74            android:parentActivityName="com.biathlonapp.MainActivity" />
74-->src\main\AndroidManifest.xml:54:13-55
75        <!-- команды -->
76        <activity android:name="com.biathlonapp.ui.team.TeamListActivity" />
76-->src\main\AndroidManifest.xml:56:9-62
76-->src\main\AndroidManifest.xml:56:19-59
77        <!-- обучение -->
78        <activity
78-->src\main\AndroidManifest.xml:58:9-61:56
79            android:name="com.biathlonapp.ui.onboarding.OnboardingActivity"
79-->src\main\AndroidManifest.xml:59:13-61
80            android:exported="false"
80-->src\main\AndroidManifest.xml:60:13-37
81            android:theme="@style/Theme.BiathlonApp" />
81-->src\main\AndroidManifest.xml:61:13-53
82        <!-- сброс пароля -->
83        <activity
83-->src\main\AndroidManifest.xml:63:9-66:56
84            android:name="com.biathlonapp.ui.auth.ResetPasswordActivity"
84-->src\main\AndroidManifest.xml:64:13-58
85            android:exported="true"
85-->src\main\AndroidManifest.xml:65:13-36
86            android:theme="@style/Theme.BiathlonApp" />
86-->src\main\AndroidManifest.xml:66:13-53
87        <!-- итоговый протокол -->
88        <activity android:name="com.biathlonapp.ui.raceprotocol.RaceProtocolActivity" />
88-->src\main\AndroidManifest.xml:68:9-74
88-->src\main\AndroidManifest.xml:68:19-71
89        <!-- главная форма -->
90        <activity
90-->src\main\AndroidManifest.xml:70:9-84:20
91            android:name="com.biathlonapp.MainActivity"
91-->src\main\AndroidManifest.xml:71:13-41
92            android:exported="true"
92-->src\main\AndroidManifest.xml:72:13-36
93            android:launchMode="singleTop" >
93-->src\main\AndroidManifest.xml:73:13-43
94            <intent-filter>
94-->src\main\AndroidManifest.xml:74:13-77:29
95                <action android:name="android.intent.action.MAIN" />
95-->src\main\AndroidManifest.xml:75:17-69
95-->src\main\AndroidManifest.xml:75:25-66
96
97                <category android:name="android.intent.category.LAUNCHER" />
97-->src\main\AndroidManifest.xml:76:17-77
97-->src\main\AndroidManifest.xml:76:27-74
98            </intent-filter>
99            <intent-filter>
99-->src\main\AndroidManifest.xml:78:13-83:29
100                <action android:name="android.intent.action.VIEW" />
100-->src\main\AndroidManifest.xml:79:17-69
100-->src\main\AndroidManifest.xml:79:25-66
101
102                <category android:name="android.intent.category.DEFAULT" />
102-->src\main\AndroidManifest.xml:80:17-76
102-->src\main\AndroidManifest.xml:80:27-73
103                <category android:name="android.intent.category.BROWSABLE" />
103-->src\main\AndroidManifest.xml:81:17-78
103-->src\main\AndroidManifest.xml:81:27-75
104
105                <data
105-->src\main\AndroidManifest.xml:82:17-84
106                    android:host="reset-password"
106-->src\main\AndroidManifest.xml:82:52-81
107                    android:scheme="biathlonapp" />
107-->src\main\AndroidManifest.xml:82:23-51
108            </intent-filter>
109        </activity>
110
111        <meta-data
111-->src\main\AndroidManifest.xml:87:9-89:54
112            android:name="com.google.firebase.messaging.default_notification_channel_id"
112-->src\main\AndroidManifest.xml:88:13-89
113            android:value="biathlon_notifications" />
113-->src\main\AndroidManifest.xml:89:13-51
114        <meta-data
114-->src\main\AndroidManifest.xml:91:9-93:60
115            android:name="com.google.firebase.messaging.default_notification_icon"
115-->src\main\AndroidManifest.xml:92:13-83
116            android:resource="@drawable/ic_notification" />
116-->src\main\AndroidManifest.xml:93:13-57
117        <meta-data
117-->src\main\AndroidManifest.xml:95:9-97:49
118            android:name="com.google.firebase.messaging.default_notification_color"
118-->src\main\AndroidManifest.xml:96:13-84
119            android:resource="@color/primary" />
119-->src\main\AndroidManifest.xml:97:13-46
120
121        <service
121-->[com.google.firebase:firebase-messaging-ktx:24.1.0] AndroidManifest.xml:23:9-29:19
122            android:name="com.google.firebase.components.ComponentDiscoveryService"
122-->[com.google.firebase:firebase-messaging-ktx:24.1.0] AndroidManifest.xml:24:13-84
123            android:directBootAware="true"
123-->[com.google.firebase:firebase-common:22.0.1] AndroidManifest.xml:32:13-43
124            android:exported="false" >
124-->[com.google.firebase:firebase-messaging-ktx:24.1.0] AndroidManifest.xml:25:13-37
125            <meta-data
125-->[com.google.firebase:firebase-messaging-ktx:24.1.0] AndroidManifest.xml:26:13-28:85
126                android:name="com.google.firebase.components:com.google.firebase.messaging.ktx.FirebaseMessagingLegacyRegistrar"
126-->[com.google.firebase:firebase-messaging-ktx:24.1.0] AndroidManifest.xml:27:17-129
127                android:value="com.google.firebase.components.ComponentRegistrar" />
127-->[com.google.firebase:firebase-messaging-ktx:24.1.0] AndroidManifest.xml:28:17-82
128            <meta-data
128-->[com.google.firebase:firebase-messaging:25.0.1] AndroidManifest.xml:57:13-59:85
129                android:name="com.google.firebase.components:com.google.firebase.messaging.FirebaseMessagingKtxRegistrar"
129-->[com.google.firebase:firebase-messaging:25.0.1] AndroidManifest.xml:58:17-122
130                android:value="com.google.firebase.components.ComponentRegistrar" />
130-->[com.google.firebase:firebase-messaging:25.0.1] AndroidManifest.xml:59:17-82
131            <meta-data
131-->[com.google.firebase:firebase-messaging:25.0.1] AndroidManifest.xml:60:13-62:85
132                android:name="com.google.firebase.components:com.google.firebase.messaging.FirebaseMessagingRegistrar"
132-->[com.google.firebase:firebase-messaging:25.0.1] AndroidManifest.xml:61:17-119
133                android:value="com.google.firebase.components.ComponentRegistrar" />
133-->[com.google.firebase:firebase-messaging:25.0.1] AndroidManifest.xml:62:17-82
134            <meta-data
134-->[com.google.firebase:firebase-analytics-ktx:22.1.2] AndroidManifest.xml:11:13-13:85
135                android:name="com.google.firebase.components:com.google.firebase.analytics.ktx.FirebaseAnalyticsLegacyRegistrar"
135-->[com.google.firebase:firebase-analytics-ktx:22.1.2] AndroidManifest.xml:12:17-129
136                android:value="com.google.firebase.components.ComponentRegistrar" />
136-->[com.google.firebase:firebase-analytics-ktx:22.1.2] AndroidManifest.xml:13:17-82
137            <meta-data
137-->[com.google.android.gms:play-services-measurement-api:22.1.2] AndroidManifest.xml:37:13-39:85
138                android:name="com.google.firebase.components:com.google.firebase.analytics.connector.internal.AnalyticsConnectorRegistrar"
138-->[com.google.android.gms:play-services-measurement-api:22.1.2] AndroidManifest.xml:38:17-139
139                android:value="com.google.firebase.components.ComponentRegistrar" />
139-->[com.google.android.gms:play-services-measurement-api:22.1.2] AndroidManifest.xml:39:17-82
140            <meta-data
140-->[com.google.firebase:firebase-installations:18.0.0] AndroidManifest.xml:15:13-17:85
141                android:name="com.google.firebase.components:com.google.firebase.installations.FirebaseInstallationsKtxRegistrar"
141-->[com.google.firebase:firebase-installations:18.0.0] AndroidManifest.xml:16:17-130
142                android:value="com.google.firebase.components.ComponentRegistrar" />
142-->[com.google.firebase:firebase-installations:18.0.0] AndroidManifest.xml:17:17-82
143            <meta-data
143-->[com.google.firebase:firebase-installations:18.0.0] AndroidManifest.xml:18:13-20:85
144                android:name="com.google.firebase.components:com.google.firebase.installations.FirebaseInstallationsRegistrar"
144-->[com.google.firebase:firebase-installations:18.0.0] AndroidManifest.xml:19:17-127
145                android:value="com.google.firebase.components.ComponentRegistrar" />
145-->[com.google.firebase:firebase-installations:18.0.0] AndroidManifest.xml:20:17-82
146            <meta-data
146-->[com.google.firebase:firebase-common-ktx:21.0.0] AndroidManifest.xml:12:13-14:85
147                android:name="com.google.firebase.components:com.google.firebase.ktx.FirebaseCommonLegacyRegistrar"
147-->[com.google.firebase:firebase-common-ktx:21.0.0] AndroidManifest.xml:13:17-116
148                android:value="com.google.firebase.components.ComponentRegistrar" />
148-->[com.google.firebase:firebase-common-ktx:21.0.0] AndroidManifest.xml:14:17-82
149            <meta-data
149-->[com.google.firebase:firebase-common:22.0.1] AndroidManifest.xml:35:13-37:85
150                android:name="com.google.firebase.components:com.google.firebase.FirebaseCommonKtxRegistrar"
150-->[com.google.firebase:firebase-common:22.0.1] AndroidManifest.xml:36:17-109
151                android:value="com.google.firebase.components.ComponentRegistrar" />
151-->[com.google.firebase:firebase-common:22.0.1] AndroidManifest.xml:37:17-82
152            <meta-data
152-->[com.google.firebase:firebase-datatransport:18.2.0] AndroidManifest.xml:25:13-27:85
153                android:name="com.google.firebase.components:com.google.firebase.datatransport.TransportRegistrar"
153-->[com.google.firebase:firebase-datatransport:18.2.0] AndroidManifest.xml:26:17-115
154                android:value="com.google.firebase.components.ComponentRegistrar" />
154-->[com.google.firebase:firebase-datatransport:18.2.0] AndroidManifest.xml:27:17-82
155        </service>
156
157        <receiver
157-->[com.google.firebase:firebase-messaging:25.0.1] AndroidManifest.xml:29:9-40:20
158            android:name="com.google.firebase.iid.FirebaseInstanceIdReceiver"
158-->[com.google.firebase:firebase-messaging:25.0.1] AndroidManifest.xml:30:13-78
159            android:exported="true"
159-->[com.google.firebase:firebase-messaging:25.0.1] AndroidManifest.xml:31:13-36
160            android:permission="com.google.android.c2dm.permission.SEND" >
160-->[com.google.firebase:firebase-messaging:25.0.1] AndroidManifest.xml:32:13-73
161            <intent-filter>
161-->[com.google.firebase:firebase-messaging:25.0.1] AndroidManifest.xml:33:13-35:29
162                <action android:name="com.google.android.c2dm.intent.RECEIVE" />
162-->[com.google.firebase:firebase-messaging:25.0.1] AndroidManifest.xml:34:17-81
162-->[com.google.firebase:firebase-messaging:25.0.1] AndroidManifest.xml:34:25-78
163            </intent-filter>
164
165            <meta-data
165-->[com.google.firebase:firebase-messaging:25.0.1] AndroidManifest.xml:37:13-39:40
166                android:name="com.google.android.gms.cloudmessaging.FINISHED_AFTER_HANDLED"
166-->[com.google.firebase:firebase-messaging:25.0.1] AndroidManifest.xml:38:17-92
167                android:value="true" />
167-->[com.google.firebase:firebase-messaging:25.0.1] AndroidManifest.xml:39:17-37
168        </receiver>
169        <!--
170             FirebaseMessagingService performs security checks at runtime,
171             but set to not exported to explicitly avoid allowing another app to call it.
172        -->
173        <service
173-->[com.google.firebase:firebase-messaging:25.0.1] AndroidManifest.xml:46:9-53:19
174            android:name="com.google.firebase.messaging.FirebaseMessagingService"
174-->[com.google.firebase:firebase-messaging:25.0.1] AndroidManifest.xml:47:13-82
175            android:directBootAware="true"
175-->[com.google.firebase:firebase-messaging:25.0.1] AndroidManifest.xml:48:13-43
176            android:exported="false" >
176-->[com.google.firebase:firebase-messaging:25.0.1] AndroidManifest.xml:49:13-37
177            <intent-filter android:priority="-500" >
177-->src\main\AndroidManifest.xml:27:13-29:29
178                <action android:name="com.google.firebase.MESSAGING_EVENT" />
178-->src\main\AndroidManifest.xml:28:17-78
178-->src\main\AndroidManifest.xml:28:25-75
179            </intent-filter>
180        </service>
181
182        <property
182-->[com.google.android.gms:play-services-measurement-api:22.1.2] AndroidManifest.xml:30:9-32:61
183            android:name="android.adservices.AD_SERVICES_CONFIG"
183-->[com.google.android.gms:play-services-measurement-api:22.1.2] AndroidManifest.xml:31:13-65
184            android:resource="@xml/ga_ad_services_config" />
184-->[com.google.android.gms:play-services-measurement-api:22.1.2] AndroidManifest.xml:32:13-58
185
186        <receiver
186-->[com.google.android.gms:play-services-measurement:22.1.2] AndroidManifest.xml:29:9-33:20
187            android:name="com.google.android.gms.measurement.AppMeasurementReceiver"
187-->[com.google.android.gms:play-services-measurement:22.1.2] AndroidManifest.xml:30:13-85
188            android:enabled="true"
188-->[com.google.android.gms:play-services-measurement:22.1.2] AndroidManifest.xml:31:13-35
189            android:exported="false" >
189-->[com.google.android.gms:play-services-measurement:22.1.2] AndroidManifest.xml:32:13-37
190        </receiver>
191
192        <service
192-->[com.google.android.gms:play-services-measurement:22.1.2] AndroidManifest.xml:35:9-38:40
193            android:name="com.google.android.gms.measurement.AppMeasurementService"
193-->[com.google.android.gms:play-services-measurement:22.1.2] AndroidManifest.xml:36:13-84
194            android:enabled="true"
194-->[com.google.android.gms:play-services-measurement:22.1.2] AndroidManifest.xml:37:13-35
195            android:exported="false" />
195-->[com.google.android.gms:play-services-measurement:22.1.2] AndroidManifest.xml:38:13-37
196        <service
196-->[com.google.android.gms:play-services-measurement:22.1.2] AndroidManifest.xml:39:9-43:72
197            android:name="com.google.android.gms.measurement.AppMeasurementJobService"
197-->[com.google.android.gms:play-services-measurement:22.1.2] AndroidManifest.xml:40:13-87
198            android:enabled="true"
198-->[com.google.android.gms:play-services-measurement:22.1.2] AndroidManifest.xml:41:13-35
199            android:exported="false"
199-->[com.google.android.gms:play-services-measurement:22.1.2] AndroidManifest.xml:42:13-37
200            android:permission="android.permission.BIND_JOB_SERVICE" />
200-->[com.google.android.gms:play-services-measurement:22.1.2] AndroidManifest.xml:43:13-69
201
202        <provider
202-->[com.google.firebase:firebase-common:22.0.1] AndroidManifest.xml:23:9-28:39
203            android:name="com.google.firebase.provider.FirebaseInitProvider"
203-->[com.google.firebase:firebase-common:22.0.1] AndroidManifest.xml:24:13-77
204            android:authorities="com.biathlonapp.firebaseinitprovider"
204-->[com.google.firebase:firebase-common:22.0.1] AndroidManifest.xml:25:13-72
205            android:directBootAware="true"
205-->[com.google.firebase:firebase-common:22.0.1] AndroidManifest.xml:26:13-43
206            android:exported="false"
206-->[com.google.firebase:firebase-common:22.0.1] AndroidManifest.xml:27:13-37
207            android:initOrder="100" />
207-->[com.google.firebase:firebase-common:22.0.1] AndroidManifest.xml:28:13-36
208        <provider
208-->[androidx.emoji2:emoji2:1.3.0] AndroidManifest.xml:24:9-32:20
209            android:name="androidx.startup.InitializationProvider"
209-->[androidx.emoji2:emoji2:1.3.0] AndroidManifest.xml:25:13-67
210            android:authorities="com.biathlonapp.androidx-startup"
210-->[androidx.emoji2:emoji2:1.3.0] AndroidManifest.xml:26:13-68
211            android:exported="false" >
211-->[androidx.emoji2:emoji2:1.3.0] AndroidManifest.xml:27:13-37
212            <meta-data
212-->[androidx.emoji2:emoji2:1.3.0] AndroidManifest.xml:29:13-31:52
213                android:name="androidx.emoji2.text.EmojiCompatInitializer"
213-->[androidx.emoji2:emoji2:1.3.0] AndroidManifest.xml:30:17-75
214                android:value="androidx.startup" />
214-->[androidx.emoji2:emoji2:1.3.0] AndroidManifest.xml:31:17-49
215            <meta-data
215-->[androidx.lifecycle:lifecycle-process:2.8.6] AndroidManifest.xml:29:13-31:52
216                android:name="androidx.lifecycle.ProcessLifecycleInitializer"
216-->[androidx.lifecycle:lifecycle-process:2.8.6] AndroidManifest.xml:30:17-78
217                android:value="androidx.startup" />
217-->[androidx.lifecycle:lifecycle-process:2.8.6] AndroidManifest.xml:31:17-49
218            <meta-data
218-->[androidx.profileinstaller:profileinstaller:1.4.0] AndroidManifest.xml:29:13-31:52
219                android:name="androidx.profileinstaller.ProfileInstallerInitializer"
219-->[androidx.profileinstaller:profileinstaller:1.4.0] AndroidManifest.xml:30:17-85
220                android:value="androidx.startup" />
220-->[androidx.profileinstaller:profileinstaller:1.4.0] AndroidManifest.xml:31:17-49
221        </provider>
222
223        <activity
223-->[com.google.android.gms:play-services-base:18.5.0] AndroidManifest.xml:5:9-173
224            android:name="com.google.android.gms.common.api.GoogleApiActivity"
224-->[com.google.android.gms:play-services-base:18.5.0] AndroidManifest.xml:5:19-85
225            android:exported="false"
225-->[com.google.android.gms:play-services-base:18.5.0] AndroidManifest.xml:5:146-170
226            android:theme="@android:style/Theme.Translucent.NoTitleBar" />
226-->[com.google.android.gms:play-services-base:18.5.0] AndroidManifest.xml:5:86-145
227
228        <service
228-->[androidx.room:room-runtime:2.6.1] AndroidManifest.xml:24:9-28:63
229            android:name="androidx.room.MultiInstanceInvalidationService"
229-->[androidx.room:room-runtime:2.6.1] AndroidManifest.xml:25:13-74
230            android:directBootAware="true"
230-->[androidx.room:room-runtime:2.6.1] AndroidManifest.xml:26:13-43
231            android:exported="false" />
231-->[androidx.room:room-runtime:2.6.1] AndroidManifest.xml:27:13-37
232
233        <uses-library
233-->[androidx.privacysandbox.ads:ads-adservices:1.0.0-beta05] AndroidManifest.xml:23:9-25:40
234            android:name="android.ext.adservices"
234-->[androidx.privacysandbox.ads:ads-adservices:1.0.0-beta05] AndroidManifest.xml:24:13-50
235            android:required="false" />
235-->[androidx.privacysandbox.ads:ads-adservices:1.0.0-beta05] AndroidManifest.xml:25:13-37
236
237        <meta-data
237-->[com.google.android.gms:play-services-basement:18.4.0] AndroidManifest.xml:6:9-122
238            android:name="com.google.android.gms.version"
238-->[com.google.android.gms:play-services-basement:18.4.0] AndroidManifest.xml:6:20-65
239            android:value="@integer/google_play_services_version" />
239-->[com.google.android.gms:play-services-basement:18.4.0] AndroidManifest.xml:6:66-119
240
241        <receiver
241-->[androidx.profileinstaller:profileinstaller:1.4.0] AndroidManifest.xml:34:9-52:20
242            android:name="androidx.profileinstaller.ProfileInstallReceiver"
242-->[androidx.profileinstaller:profileinstaller:1.4.0] AndroidManifest.xml:35:13-76
243            android:directBootAware="false"
243-->[androidx.profileinstaller:profileinstaller:1.4.0] AndroidManifest.xml:36:13-44
244            android:enabled="true"
244-->[androidx.profileinstaller:profileinstaller:1.4.0] AndroidManifest.xml:37:13-35
245            android:exported="true"
245-->[androidx.profileinstaller:profileinstaller:1.4.0] AndroidManifest.xml:38:13-36
246            android:permission="android.permission.DUMP" >
246-->[androidx.profileinstaller:profileinstaller:1.4.0] AndroidManifest.xml:39:13-57
247            <intent-filter>
247-->[androidx.profileinstaller:profileinstaller:1.4.0] AndroidManifest.xml:40:13-42:29
248                <action android:name="androidx.profileinstaller.action.INSTALL_PROFILE" />
248-->[androidx.profileinstaller:profileinstaller:1.4.0] AndroidManifest.xml:41:17-91
248-->[androidx.profileinstaller:profileinstaller:1.4.0] AndroidManifest.xml:41:25-88
249            </intent-filter>
250            <intent-filter>
250-->[androidx.profileinstaller:profileinstaller:1.4.0] AndroidManifest.xml:43:13-45:29
251                <action android:name="androidx.profileinstaller.action.SKIP_FILE" />
251-->[androidx.profileinstaller:profileinstaller:1.4.0] AndroidManifest.xml:44:17-85
251-->[androidx.profileinstaller:profileinstaller:1.4.0] AndroidManifest.xml:44:25-82
252            </intent-filter>
253            <intent-filter>
253-->[androidx.profileinstaller:profileinstaller:1.4.0] AndroidManifest.xml:46:13-48:29
254                <action android:name="androidx.profileinstaller.action.SAVE_PROFILE" />
254-->[androidx.profileinstaller:profileinstaller:1.4.0] AndroidManifest.xml:47:17-88
254-->[androidx.profileinstaller:profileinstaller:1.4.0] AndroidManifest.xml:47:25-85
255            </intent-filter>
256            <intent-filter>
256-->[androidx.profileinstaller:profileinstaller:1.4.0] AndroidManifest.xml:49:13-51:29
257                <action android:name="androidx.profileinstaller.action.BENCHMARK_OPERATION" />
257-->[androidx.profileinstaller:profileinstaller:1.4.0] AndroidManifest.xml:50:17-95
257-->[androidx.profileinstaller:profileinstaller:1.4.0] AndroidManifest.xml:50:25-92
258            </intent-filter>
259        </receiver>
260
261        <service
261-->[com.google.android.datatransport:transport-backend-cct:3.1.9] AndroidManifest.xml:28:9-34:19
262            android:name="com.google.android.datatransport.runtime.backends.TransportBackendDiscovery"
262-->[com.google.android.datatransport:transport-backend-cct:3.1.9] AndroidManifest.xml:29:13-103
263            android:exported="false" >
263-->[com.google.android.datatransport:transport-backend-cct:3.1.9] AndroidManifest.xml:30:13-37
264            <meta-data
264-->[com.google.android.datatransport:transport-backend-cct:3.1.9] AndroidManifest.xml:31:13-33:39
265                android:name="backend:com.google.android.datatransport.cct.CctBackendFactory"
265-->[com.google.android.datatransport:transport-backend-cct:3.1.9] AndroidManifest.xml:32:17-94
266                android:value="cct" />
266-->[com.google.android.datatransport:transport-backend-cct:3.1.9] AndroidManifest.xml:33:17-36
267        </service>
268        <service
268-->[com.google.android.datatransport:transport-runtime:3.1.9] AndroidManifest.xml:26:9-30:19
269            android:name="com.google.android.datatransport.runtime.scheduling.jobscheduling.JobInfoSchedulerService"
269-->[com.google.android.datatransport:transport-runtime:3.1.9] AndroidManifest.xml:27:13-117
270            android:exported="false"
270-->[com.google.android.datatransport:transport-runtime:3.1.9] AndroidManifest.xml:28:13-37
271            android:permission="android.permission.BIND_JOB_SERVICE" >
271-->[com.google.android.datatransport:transport-runtime:3.1.9] AndroidManifest.xml:29:13-69
272        </service>
273
274        <receiver
274-->[com.google.android.datatransport:transport-runtime:3.1.9] AndroidManifest.xml:32:9-34:40
275            android:name="com.google.android.datatransport.runtime.scheduling.jobscheduling.AlarmManagerSchedulerBroadcastReceiver"